# JRE version: OpenJDK Runtime Environment Temurin-17.0.10+7 (17.0.10+7) (build 17.0.10+7)
# Java VM: OpenJDK 64-Bit Server VM Temurin-17.0.10+7 (17.0.10+7, mixed mode, tiered, compressed oops, compressed class ptrs, parallel gc, windows-amd64)
GC Precious Log:
 CPUs: 4 total, 4 available
 Memory: 16298M
 Large Page Support: Disabled
 NUMA Support: Disabled
 Compressed Oops: Enabled (32-bit)
 Alignments: Space 512K, Generation 512K, Heap 2M
 Heap Min Capacity: 100M
 Heap Initial Capacity: 100M
 Heap Max Capacity: 1G
 Pre-touch: Disabled
 Parallel Workers: 4
Heap:
 PSYoungGen      total 13312K, used 13024K [0x00000000eab00000, 0x00000000eba00000, 0x0000000100000000)
  eden space 11264K, 100% used [0x00000000eab00000,0x00000000eb600000,0x00000000eb600000)
  from space 2048K, 85% used [0x00000000eb600000,0x00000000eb7b8000,0x00000000eb800000)
  to   space 2048K, 90% used [0x00000000eb800000,0x00000000eb9d0000,0x00000000eba00000)
 ParOldGen       total 313344K, used 295651K [0x00000000c0000000, 0x00000000d3200000, 0x00000000eab00000)
  object space 313344K, 94% used [0x00000000c0000000,0x00000000d20b8c30,0x00000000d3200000)
 Metaspace       used 74276K, committed 75712K, reserved 1179648K
  class space    used 7750K, committed 8320K, reserved 1048576K
GC Heap History (20 events):
Event: 36.911 GC heap after
{Heap after GC invocations=483 (full 16):
 PSYoungGen      total 10240K, used 1280K [0x00000000eab00000, 0x00000000eb780000, 0x0000000100000000)
  eden space 8704K, 0% used [0x00000000eab00000,0x00000000eab00000,0x00000000eb380000)
  from space 1536K, 83% used [0x00000000eb600000,0x00000000eb740000,0x00000000eb780000)
  to   space 2048K, 0% used [0x00000000eb380000,0x00000000eb380000,0x00000000eb580000)
 ParOldGen       total 313344K, used 279710K [0x00000000c0000000, 0x00000000d3200000, 0x00000000eab00000)
  object space 313344K, 89% used [0x00000000c0000000,0x00000000d1127a18,0x00000000d3200000)
 Metaspace       used 74276K, committed 75712K, reserved 1179648K
  class space    used 7750K, committed 8320K, reserved 1048576K
}
Event: 36.938 GC heap before
{Heap before GC invocations=484 (full 16):
 PSYoungGen      total 10240K, used 9984K [0x00000000eab00000, 0x00000000eb780000, 0x0000000100000000)
  eden space 8704K, 100% used [0x00000000eab00000,0x00000000eb380000,0x00000000eb380000)
  from space 1536K, 83% used [0x00000000eb600000,0x00000000eb740000,0x00000000eb780000)
  to   space 2048K, 0% used [0x00000000eb380000,0x00000000eb380000,0x00000000eb580000)
 ParOldGen       total 313344K, used 279710K [0x00000000c0000000, 0x00000000d3200000, 0x00000000eab00000)
  object space 313344K, 89% used [0x00000000c0000000,0x00000000d1127a18,0x00000000d3200000)
 Metaspace       used 74276K, committed 75712K, reserved 1179648K
  class space    used 7750K, committed 8320K, reserved 1048576K
}
Event: 36.941 GC heap after
{Heap after GC invocations=484 (full 16):
 PSYoungGen      total 10752K, used 1280K [0x00000000eab00000, 0x00000000eb800000, 0x0000000100000000)
  eden space 8704K, 0% used [0x00000000eab00000,0x00000000eab00000,0x00000000eb380000)
  from space 2048K, 62% used [0x00000000eb380000,0x00000000eb4c0000,0x00000000eb580000)
  to   space 1536K, 0% used [0x00000000eb680000,0x00000000eb680000,0x00000000eb800000)
 ParOldGen       total 313344K, used 280934K [0x00000000c0000000, 0x00000000d3200000, 0x00000000eab00000)
  object space 313344K, 89% used [0x00000000c0000000,0x00000000d1259a18,0x00000000d3200000)
 Metaspace       used 74276K, committed 75712K, reserved 1179648K
  class space    used 7750K, committed 8320K, reserved 1048576K
}
Event: 36.965 GC heap before
{Heap before GC invocations=485 (full 16):
 PSYoungGen      total 10752K, used 9984K [0x00000000eab00000, 0x00000000eb800000, 0x0000000100000000)
  eden space 8704K, 100% used [0x00000000eab00000,0x00000000eb380000,0x00000000eb380000)
  from space 2048K, 62% used [0x00000000eb380000,0x00000000eb4c0000,0x00000000eb580000)
  to   space 1536K, 0% used [0x00000000eb680000,0x00000000eb680000,0x00000000eb800000)
 ParOldGen       total 313344K, used 280934K [0x00000000c0000000, 0x00000000d3200000, 0x00000000eab00000)
  object space 313344K, 89% used [0x00000000c0000000,0x00000000d1259a18,0x00000000d3200000)
 Metaspace       used 74276K, committed 75712K, reserved 1179648K
  class space    used 7750K, committed 8320K, reserved 1048576K
}
Event: 36.968 GC heap after
{Heap after GC invocations=485 (full 16):
 PSYoungGen      total 11264K, used 1536K [0x00000000eab00000, 0x00000000eb900000, 0x0000000100000000)
  eden space 9728K, 0% used [0x00000000eab00000,0x00000000eab00000,0x00000000eb480000)
  from space 1536K, 100% used [0x00000000eb680000,0x00000000eb800000,0x00000000eb800000)
  to   space 2048K, 0% used [0x00000000eb480000,0x00000000eb480000,0x00000000eb680000)
 ParOldGen       total 313344K, used 282150K [0x00000000c0000000, 0x00000000d3200000, 0x00000000eab00000)
  object space 313344K, 90% used [0x00000000c0000000,0x00000000d1389a18,0x00000000d3200000)
 Metaspace       used 74276K, committed 75712K, reserved 1179648K
  class space    used 7750K, committed 8320K, reserved 1048576K
}
Event: 36.995 GC heap before
{Heap before GC invocations=486 (full 16):
 PSYoungGen      total 11264K, used 11264K [0x00000000eab00000, 0x00000000eb900000, 0x0000000100000000)
  eden space 9728K, 100% used [0x00000000eab00000,0x00000000eb480000,0x00000000eb480000)
  from space 1536K, 100% used [0x00000000eb680000,0x00000000eb800000,0x00000000eb800000)
  to   space 2048K, 0% used [0x00000000eb480000,0x00000000eb480000,0x00000000eb680000)
 ParOldGen       total 313344K, used 282150K [0x00000000c0000000, 0x00000000d3200000, 0x00000000eab00000)
  object space 313344K, 90% used [0x00000000c0000000,0x00000000d1389a18,0x00000000d3200000)
 Metaspace       used 74276K, committed 75712K, reserved 1179648K
  class space    used 7750K, committed 8320K, reserved 1048576K
}
Event: 36.999 GC heap after
{Heap after GC invocations=486 (full 16):
 PSYoungGen      total 11776K, used 1728K [0x00000000eab00000, 0x00000000eba00000, 0x0000000100000000)
  eden space 9728K, 0% used [0x00000000eab00000,0x00000000eab00000,0x00000000eb480000)
  from space 2048K, 84% used [0x00000000eb480000,0x00000000eb630000,0x00000000eb680000)
  to   space 2048K, 0% used [0x00000000eb800000,0x00000000eb800000,0x00000000eba00000)
 ParOldGen       total 313344K, used 283638K [0x00000000c0000000, 0x00000000d3200000, 0x00000000eab00000)
  object space 313344K, 90% used [0x00000000c0000000,0x00000000d14fda18,0x00000000d3200000)
 Metaspace       used 74276K, committed 75712K, reserved 1179648K
  class space    used 7750K, committed 8320K, reserved 1048576K
}
Event: 37.027 GC heap before
{Heap before GC invocations=487 (full 16):
 PSYoungGen      total 11776K, used 11456K [0x00000000eab00000, 0x00000000eba00000, 0x0000000100000000)
  eden space 9728K, 100% used [0x00000000eab00000,0x00000000eb480000,0x00000000eb480000)
  from space 2048K, 84% used [0x00000000eb480000,0x00000000eb630000,0x00000000eb680000)
  to   space 2048K, 0% used [0x00000000eb800000,0x00000000eb800000,0x00000000eba00000)
 ParOldGen       total 313344K, used 283638K [0x00000000c0000000, 0x00000000d3200000, 0x00000000eab00000)
  object space 313344K, 90% used [0x00000000c0000000,0x00000000d14fda18,0x00000000d3200000)
 Metaspace       used 74276K, committed 75712K, reserved 1179648K
  class space    used 7750K, committed 8320K, reserved 1048576K
}
Event: 37.031 GC heap after
{Heap after GC invocations=487 (full 16):
 PSYoungGen      total 13312K, used 1872K [0x00000000eab00000, 0x00000000eba00000, 0x0000000100000000)
  eden space 11264K, 0% used [0x00000000eab00000,0x00000000eab00000,0x00000000eb600000)
  from space 2048K, 91% used [0x00000000eb800000,0x00000000eb9d4010,0x00000000eba00000)
  to   space 2048K, 0% used [0x00000000eb600000,0x00000000eb600000,0x00000000eb800000)
 ParOldGen       total 313344K, used 285318K [0x00000000c0000000, 0x00000000d3200000, 0x00000000eab00000)
  object space 313344K, 91% used [0x00000000c0000000,0x00000000d16a1a18,0x00000000d3200000)
 Metaspace       used 74276K, committed 75712K, reserved 1179648K
  class space    used 7750K, committed 8320K, reserved 1048576K
}
Event: 37.065 GC heap before
{Heap before GC invocations=488 (full 16):
 PSYoungGen      total 13312K, used 13136K [0x00000000eab00000, 0x00000000eba00000, 0x0000000100000000)
  eden space 11264K, 100% used [0x00000000eab00000,0x00000000eb600000,0x00000000eb600000)
  from space 2048K, 91% used [0x00000000eb800000,0x00000000eb9d4010,0x00000000eba00000)
  to   space 2048K, 0% used [0x00000000eb600000,0x00000000eb600000,0x00000000eb800000)
 ParOldGen       total 313344K, used 285318K [0x00000000c0000000, 0x00000000d3200000, 0x00000000eab00000)
  object space 313344K, 91% used [0x00000000c0000000,0x00000000d16a1a18,0x00000000d3200000)
 Metaspace       used 74276K, committed 75712K, reserved 1179648K
  class space    used 7750K, committed 8320K, reserved 1048576K
}
Event: 37.068 GC heap after
{Heap after GC invocations=488 (full 16):
 PSYoungGen      total 13312K, used 1728K [0x00000000eab00000, 0x00000000eba00000, 0x0000000100000000)
  eden space 11264K, 0% used [0x00000000eab00000,0x00000000eab00000,0x00000000eb600000)
  from space 2048K, 84% used [0x00000000eb600000,0x00000000eb7b0000,0x00000000eb800000)
  to   space 2048K, 0% used [0x00000000eb800000,0x00000000eb800000,0x00000000eba00000)
 ParOldGen       total 313344K, used 287134K [0x00000000c0000000, 0x00000000d3200000, 0x00000000eab00000)
  object space 313344K, 91% used [0x00000000c0000000,0x00000000d1867a28,0x00000000d3200000)
 Metaspace       used 74276K, committed 75712K, reserved 1179648K
  class space    used 7750K, committed 8320K, reserved 1048576K
}
Event: 37.101 GC heap before
{Heap before GC invocations=489 (full 16):
 PSYoungGen      total 13312K, used 12992K [0x00000000eab00000, 0x00000000eba00000, 0x0000000100000000)
  eden space 11264K, 100% used [0x00000000eab00000,0x00000000eb600000,0x00000000eb600000)
  from space 2048K, 84% used [0x00000000eb600000,0x00000000eb7b0000,0x00000000eb800000)
  to   space 2048K, 0% used [0x00000000eb800000,0x00000000eb800000,0x00000000eba00000)
 ParOldGen       total 313344K, used 287134K [0x00000000c0000000, 0x00000000d3200000, 0x00000000eab00000)
  object space 313344K, 91% used [0x00000000c0000000,0x00000000d1867a28,0x00000000d3200000)
 Metaspace       used 74276K, committed 75712K, reserved 1179648K
  class space    used 7750K, committed 8320K, reserved 1048576K
}
Event: 37.104 GC heap after
{Heap after GC invocations=489 (full 16):
 PSYoungGen      total 13312K, used 1664K [0x00000000eab00000, 0x00000000eba00000, 0x0000000100000000)
  eden space 11264K, 0% used [0x00000000eab00000,0x00000000eab00000,0x00000000eb600000)
  from space 2048K, 81% used [0x00000000eb800000,0x00000000eb9a0000,0x00000000eba00000)
  to   space 2048K, 0% used [0x00000000eb600000,0x00000000eb600000,0x00000000eb800000)
 ParOldGen       total 313344K, used 288790K [0x00000000c0000000, 0x00000000d3200000, 0x00000000eab00000)
  object space 313344K, 92% used [0x00000000c0000000,0x00000000d1a05a28,0x00000000d3200000)
 Metaspace       used 74276K, committed 75712K, reserved 1179648K
  class space    used 7750K, committed 8320K, reserved 1048576K
}
Event: 37.136 GC heap before
{Heap before GC invocations=490 (full 16):
 PSYoungGen      total 13312K, used 12928K [0x00000000eab00000, 0x00000000eba00000, 0x0000000100000000)
  eden space 11264K, 100% used [0x00000000eab00000,0x00000000eb600000,0x00000000eb600000)
  from space 2048K, 81% used [0x00000000eb800000,0x00000000eb9a0000,0x00000000eba00000)
  to   space 2048K, 0% used [0x00000000eb600000,0x00000000eb600000,0x00000000eb800000)
 ParOldGen       total 313344K, used 288790K [0x00000000c0000000, 0x00000000d3200000, 0x00000000eab00000)
  object space 313344K, 92% used [0x00000000c0000000,0x00000000d1a05a28,0x00000000d3200000)
 Metaspace       used 74276K, committed 75712K, reserved 1179648K
  class space    used 7750K, committed 8320K, reserved 1048576K
}
Event: 37.139 GC heap after
{Heap after GC invocations=490 (full 16):
 PSYoungGen      total 13312K, used 1792K [0x00000000eab00000, 0x00000000eba00000, 0x0000000100000000)
  eden space 11264K, 0% used [0x00000000eab00000,0x00000000eab00000,0x00000000eb600000)
  from space 2048K, 87% used [0x00000000eb600000,0x00000000eb7c0000,0x00000000eb800000)
  to   space 2048K, 0% used [0x00000000eb800000,0x00000000eb800000,0x00000000eba00000)
 ParOldGen       total 313344K, used 290411K [0x00000000c0000000, 0x00000000d3200000, 0x00000000eab00000)
  object space 313344K, 92% used [0x00000000c0000000,0x00000000d1b9ac30,0x00000000d3200000)
 Metaspace       used 74276K, committed 75712K, reserved 1179648K
  class space    used 7750K, committed 8320K, reserved 1048576K
}
Event: 37.188 GC heap before
{Heap before GC invocations=491 (full 16):
 PSYoungGen      total 13312K, used 13056K [0x00000000eab00000, 0x00000000eba00000, 0x0000000100000000)
  eden space 11264K, 100% used [0x00000000eab00000,0x00000000eb600000,0x00000000eb600000)
  from space 2048K, 87% used [0x00000000eb600000,0x00000000eb7c0000,0x00000000eb800000)
  to   space 2048K, 0% used [0x00000000eb800000,0x00000000eb800000,0x00000000eba00000)
 ParOldGen       total 313344K, used 290411K [0x00000000c0000000, 0x00000000d3200000, 0x00000000eab00000)
  object space 313344K, 92% used [0x00000000c0000000,0x00000000d1b9ac30,0x00000000d3200000)
 Metaspace       used 74276K, committed 75712K, reserved 1179648K
  class space    used 7750K, committed 8320K, reserved 1048576K
}
Event: 37.191 GC heap after
{Heap after GC invocations=491 (full 16):
 PSYoungGen      total 13312K, used 1856K [0x00000000eab00000, 0x00000000eba00000, 0x0000000100000000)
  eden space 11264K, 0% used [0x00000000eab00000,0x00000000eab00000,0x00000000eb600000)
  from space 2048K, 90% used [0x00000000eb800000,0x00000000eb9d0000,0x00000000eba00000)
  to   space 2048K, 0% used [0x00000000eb600000,0x00000000eb600000,0x00000000eb800000)
 ParOldGen       total 313344K, used 292179K [0x00000000c0000000, 0x00000000d3200000, 0x00000000eab00000)
  object space 313344K, 93% used [0x00000000c0000000,0x00000000d1d54c30,0x00000000d3200000)
 Metaspace       used 74276K, committed 75712K, reserved 1179648K
  class space    used 7750K, committed 8320K, reserved 1048576K
}
Event: 37.225 GC heap before
{Heap before GC invocations=492 (full 16):
 PSYoungGen      total 13312K, used 13120K [0x00000000eab00000, 0x00000000eba00000, 0x0000000100000000)
  eden space 11264K, 100% used [0x00000000eab00000,0x00000000eb600000,0x00000000eb600000)
  from space 2048K, 90% used [0x00000000eb800000,0x00000000eb9d0000,0x00000000eba00000)
  to   space 2048K, 0% used [0x00000000eb600000,0x00000000eb600000,0x00000000eb800000)
 ParOldGen       total 313344K, used 292179K [0x00000000c0000000, 0x00000000d3200000, 0x00000000eab00000)
  object space 313344K, 93% used [0x00000000c0000000,0x00000000d1d54c30,0x00000000d3200000)
 Metaspace       used 74276K, committed 75712K, reserved 1179648K
  class space    used 7750K, committed 8320K, reserved 1048576K
}
Event: 37.229 GC heap after
{Heap after GC invocations=492 (full 16):
 PSYoungGen      total 13312K, used 1760K [0x00000000eab00000, 0x00000000eba00000, 0x0000000100000000)
  eden space 11264K, 0% used [0x00000000eab00000,0x00000000eab00000,0x00000000eb600000)
  from space 2048K, 85% used [0x00000000eb600000,0x00000000eb7b8000,0x00000000eb800000)
  to   space 2048K, 0% used [0x00000000eb800000,0x00000000eb800000,0x00000000eba00000)
 ParOldGen       total 313344K, used 293955K [0x00000000c0000000, 0x00000000d3200000, 0x00000000eab00000)
  object space 313344K, 93% used [0x00000000c0000000,0x00000000d1f10c30,0x00000000d3200000)
 Metaspace       used 74276K, committed 75712K, reserved 1179648K
  class space    used 7750K, committed 8320K, reserved 1048576K
}
Event: 37.261 GC heap before
{Heap before GC invocations=493 (full 16):
 PSYoungGen      total 13312K, used 13024K [0x00000000eab00000, 0x00000000eba00000, 0x0000000100000000)
  eden space 11264K, 100% used [0x00000000eab00000,0x00000000eb600000,0x00000000eb600000)
  from space 2048K, 85% used [0x00000000eb600000,0x00000000eb7b8000,0x00000000eb800000)
  to   space 2048K, 0% used [0x00000000eb800000,0x00000000eb800000,0x00000000eba00000)
 ParOldGen       total 313344K, used 293955K [0x00000000c0000000, 0x00000000d3200000, 0x00000000eab00000)
  object space 313344K, 93% used [0x00000000c0000000,0x00000000d1f10c30,0x00000000d3200000)
 Metaspace       used 74276K, committed 75712K, reserved 1179648K
  class space    used 7750K, committed 8320K, reserved 1048576K
}

