# JRE version: OpenJDK Runtime Environment Temurin-17.0.10+7 (17.0.10+7) (build 17.0.10+7)
# Java VM: OpenJDK 64-Bit Server VM Temurin-17.0.10+7 (17.0.10+7, mixed mode, tiered, compressed oops, compressed class ptrs, parallel gc, windows-amd64)
GC Precious Log:
 CPUs: 4 total, 4 available
 Memory: 16298M
 Large Page Support: Disabled
 NUMA Support: Disabled
 Compressed Oops: Enabled (32-bit)
 Alignments: Space 512K, Generation 512K, Heap 2M
 Heap Min Capacity: 100M
 Heap Initial Capacity: 100M
 Heap Max Capacity: 1G
 Pre-touch: Disabled
 Parallel Workers: 4
Heap:
 PSYoungGen      total 28160K, used 20839K [0x00000000eab00000, 0x00000000ed400000, 0x0000000100000000)
  eden space 27648K, 75% used [0x00000000eab00000,0x00000000ebf59db8,0x00000000ec600000)
  from space 512K, 0% used [0x00000000ec880000,0x00000000ec880000,0x00000000ec900000)
  to   space 7168K, 0% used [0x00000000ecd00000,0x00000000ecd00000,0x00000000ed400000)
 ParOldGen       total 324096K, used 244533K [0x00000000c0000000, 0x00000000d3c80000, 0x00000000eab00000)
  object space 324096K, 75% used [0x00000000c0000000,0x00000000ceecd478,0x00000000d3c80000)
 Metaspace       used 76765K, committed 78144K, reserved 1179648K
  class space    used 8015K, committed 8640K, reserved 1048576K
GC Heap History (20 events):
Event: 43.012 GC heap before
{Heap before GC invocations=345 (full 15):
 PSYoungGen      total 33792K, used 33717K [0x00000000eab00000, 0x00000000ed100000, 0x0000000100000000)
  eden space 29696K, 100% used [0x00000000eab00000,0x00000000ec800000,0x00000000ec800000)
  from space 4096K, 98% used [0x00000000ec900000,0x00000000ecced6e8,0x00000000ecd00000)
  to   space 4096K, 0% used [0x00000000ecd00000,0x00000000ecd00000,0x00000000ed100000)
 ParOldGen       total 289280K, used 233472K [0x00000000c0000000, 0x00000000d1a80000, 0x00000000eab00000)
  object space 289280K, 80% used [0x00000000c0000000,0x00000000ce400290,0x00000000d1a80000)
 Metaspace       used 76651K, committed 78080K, reserved 1179648K
  class space    used 8011K, committed 8640K, reserved 1048576K
}
Event: 43.014 GC heap after
{Heap after GC invocations=345 (full 15):
 PSYoungGen      total 33792K, used 4080K [0x00000000eab00000, 0x00000000ed200000, 0x0000000100000000)
  eden space 29696K, 0% used [0x00000000eab00000,0x00000000eab00000,0x00000000ec800000)
  from space 4096K, 99% used [0x00000000ecd00000,0x00000000ed0fc2a0,0x00000000ed100000)
  to   space 5120K, 0% used [0x00000000ec800000,0x00000000ec800000,0x00000000ecd00000)
 ParOldGen       total 289280K, used 234149K [0x00000000c0000000, 0x00000000d1a80000, 0x00000000eab00000)
  object space 289280K, 80% used [0x00000000c0000000,0x00000000ce4a9498,0x00000000d1a80000)
 Metaspace       used 76651K, committed 78080K, reserved 1179648K
  class space    used 8011K, committed 8640K, reserved 1048576K
}
Event: 43.185 GC heap before
{Heap before GC invocations=346 (full 15):
 PSYoungGen      total 33792K, used 33776K [0x00000000eab00000, 0x00000000ed200000, 0x0000000100000000)
  eden space 29696K, 100% used [0x00000000eab00000,0x00000000ec800000,0x00000000ec800000)
  from space 4096K, 99% used [0x00000000ecd00000,0x00000000ed0fc2a0,0x00000000ed100000)
  to   space 5120K, 0% used [0x00000000ec800000,0x00000000ec800000,0x00000000ecd00000)
 ParOldGen       total 289280K, used 234149K [0x00000000c0000000, 0x00000000d1a80000, 0x00000000eab00000)
  object space 289280K, 80% used [0x00000000c0000000,0x00000000ce4a9498,0x00000000d1a80000)
 Metaspace       used 76652K, committed 78080K, reserved 1179648K
  class space    used 8011K, committed 8640K, reserved 1048576K
}
Event: 43.188 GC heap after
{Heap after GC invocations=346 (full 15):
 PSYoungGen      total 32256K, used 2291K [0x00000000eab00000, 0x00000000ecf00000, 0x0000000100000000)
  eden space 29696K, 0% used [0x00000000eab00000,0x00000000eab00000,0x00000000ec800000)
  from space 2560K, 89% used [0x00000000ec800000,0x00000000eca3cf90,0x00000000eca80000)
  to   space 3584K, 0% used [0x00000000ecb80000,0x00000000ecb80000,0x00000000ecf00000)
 ParOldGen       total 289280K, used 237229K [0x00000000c0000000, 0x00000000d1a80000, 0x00000000eab00000)
  object space 289280K, 82% used [0x00000000c0000000,0x00000000ce7ab498,0x00000000d1a80000)
 Metaspace       used 76652K, committed 78080K, reserved 1179648K
  class space    used 8011K, committed 8640K, reserved 1048576K
}
Event: 43.361 GC heap before
{Heap before GC invocations=347 (full 15):
 PSYoungGen      total 32256K, used 31987K [0x00000000eab00000, 0x00000000ecf00000, 0x0000000100000000)
  eden space 29696K, 100% used [0x00000000eab00000,0x00000000ec800000,0x00000000ec800000)
  from space 2560K, 89% used [0x00000000ec800000,0x00000000eca3cf90,0x00000000eca80000)
  to   space 3584K, 0% used [0x00000000ecb80000,0x00000000ecb80000,0x00000000ecf00000)
 ParOldGen       total 289280K, used 237229K [0x00000000c0000000, 0x00000000d1a80000, 0x00000000eab00000)
  object space 289280K, 82% used [0x00000000c0000000,0x00000000ce7ab498,0x00000000d1a80000)
 Metaspace       used 76652K, committed 78080K, reserved 1179648K
  class space    used 8011K, committed 8640K, reserved 1048576K
}
Event: 43.362 GC heap after
{Heap after GC invocations=347 (full 15):
 PSYoungGen      total 31744K, used 1755K [0x00000000eab00000, 0x00000000ecd80000, 0x0000000100000000)
  eden space 29696K, 0% used [0x00000000eab00000,0x00000000eab00000,0x00000000ec800000)
  from space 2048K, 85% used [0x00000000ecb80000,0x00000000ecd36e90,0x00000000ecd80000)
  to   space 2560K, 0% used [0x00000000ec880000,0x00000000ec880000,0x00000000ecb00000)
 ParOldGen       total 289280K, used 237229K [0x00000000c0000000, 0x00000000d1a80000, 0x00000000eab00000)
  object space 289280K, 82% used [0x00000000c0000000,0x00000000ce7ab498,0x00000000d1a80000)
 Metaspace       used 76652K, committed 78080K, reserved 1179648K
  class space    used 8011K, committed 8640K, reserved 1048576K
}
Event: 43.446 GC heap before
{Heap before GC invocations=348 (full 15):
 PSYoungGen      total 31744K, used 31451K [0x00000000eab00000, 0x00000000ecd80000, 0x0000000100000000)
  eden space 29696K, 100% used [0x00000000eab00000,0x00000000ec800000,0x00000000ec800000)
  from space 2048K, 85% used [0x00000000ecb80000,0x00000000ecd36e90,0x00000000ecd80000)
  to   space 2560K, 0% used [0x00000000ec880000,0x00000000ec880000,0x00000000ecb00000)
 ParOldGen       total 289280K, used 237229K [0x00000000c0000000, 0x00000000d1a80000, 0x00000000eab00000)
  object space 289280K, 82% used [0x00000000c0000000,0x00000000ce7ab498,0x00000000d1a80000)
 Metaspace       used 76652K, committed 78080K, reserved 1179648K
  class space    used 8011K, committed 8640K, reserved 1048576K
}
Event: 43.448 GC heap after
{Heap after GC invocations=348 (full 15):
 PSYoungGen      total 32256K, used 2556K [0x00000000eab00000, 0x00000000ed400000, 0x0000000100000000)
  eden space 29696K, 0% used [0x00000000eab00000,0x00000000eab00000,0x00000000ec800000)
  from space 2560K, 99% used [0x00000000ec880000,0x00000000ecaff1d8,0x00000000ecb00000)
  to   space 6144K, 0% used [0x00000000ece00000,0x00000000ece00000,0x00000000ed400000)
 ParOldGen       total 289280K, used 239813K [0x00000000c0000000, 0x00000000d1a80000, 0x00000000eab00000)
  object space 289280K, 82% used [0x00000000c0000000,0x00000000cea31498,0x00000000d1a80000)
 Metaspace       used 76652K, committed 78080K, reserved 1179648K
  class space    used 8011K, committed 8640K, reserved 1048576K
}
Event: 43.627 GC heap before
{Heap before GC invocations=349 (full 15):
 PSYoungGen      total 32256K, used 32252K [0x00000000eab00000, 0x00000000ed400000, 0x0000000100000000)
  eden space 29696K, 100% used [0x00000000eab00000,0x00000000ec800000,0x00000000ec800000)
  from space 2560K, 99% used [0x00000000ec880000,0x00000000ecaff1d8,0x00000000ecb00000)
  to   space 6144K, 0% used [0x00000000ece00000,0x00000000ece00000,0x00000000ed400000)
 ParOldGen       total 289280K, used 239813K [0x00000000c0000000, 0x00000000d1a80000, 0x00000000eab00000)
  object space 289280K, 82% used [0x00000000c0000000,0x00000000cea31498,0x00000000d1a80000)
 Metaspace       used 76652K, committed 78080K, reserved 1179648K
  class space    used 8011K, committed 8640K, reserved 1048576K
}
Event: 43.630 GC heap after
{Heap after GC invocations=349 (full 15):
 PSYoungGen      total 32256K, used 2222K [0x00000000eab00000, 0x00000000ed080000, 0x0000000100000000)
  eden space 29696K, 0% used [0x00000000eab00000,0x00000000eab00000,0x00000000ec800000)
  from space 2560K, 86% used [0x00000000ece00000,0x00000000ed02b978,0x00000000ed080000)
  to   space 3584K, 0% used [0x00000000ec980000,0x00000000ec980000,0x00000000ecd00000)
 ParOldGen       total 289280K, used 240229K [0x00000000c0000000, 0x00000000d1a80000, 0x00000000eab00000)
  object space 289280K, 83% used [0x00000000c0000000,0x00000000cea99498,0x00000000d1a80000)
 Metaspace       used 76652K, committed 78080K, reserved 1179648K
  class space    used 8011K, committed 8640K, reserved 1048576K
}
Event: 43.836 GC heap before
{Heap before GC invocations=350 (full 15):
 PSYoungGen      total 32256K, used 31918K [0x00000000eab00000, 0x00000000ed080000, 0x0000000100000000)
  eden space 29696K, 100% used [0x00000000eab00000,0x00000000ec800000,0x00000000ec800000)
  from space 2560K, 86% used [0x00000000ece00000,0x00000000ed02b978,0x00000000ed080000)
  to   space 3584K, 0% used [0x00000000ec980000,0x00000000ec980000,0x00000000ecd00000)
 ParOldGen       total 289280K, used 240229K [0x00000000c0000000, 0x00000000d1a80000, 0x00000000eab00000)
  object space 289280K, 83% used [0x00000000c0000000,0x00000000cea99498,0x00000000d1a80000)
 Metaspace       used 76652K, committed 78080K, reserved 1179648K
  class space    used 8011K, committed 8640K, reserved 1048576K
}
Event: 43.839 GC heap after
{Heap after GC invocations=350 (full 15):
 PSYoungGen      total 33280K, used 3564K [0x00000000eab00000, 0x00000000ed000000, 0x0000000100000000)
  eden space 29696K, 0% used [0x00000000eab00000,0x00000000eab00000,0x00000000ec800000)
  from space 3584K, 99% used [0x00000000ec980000,0x00000000eccfb030,0x00000000ecd00000)
  to   space 3072K, 0% used [0x00000000ecd00000,0x00000000ecd00000,0x00000000ed000000)
 ParOldGen       total 289280K, used 240397K [0x00000000c0000000, 0x00000000d1a80000, 0x00000000eab00000)
  object space 289280K, 83% used [0x00000000c0000000,0x00000000ceac3498,0x00000000d1a80000)
 Metaspace       used 76652K, committed 78080K, reserved 1179648K
  class space    used 8011K, committed 8640K, reserved 1048576K
}
Event: 43.992 GC heap before
{Heap before GC invocations=351 (full 15):
 PSYoungGen      total 33280K, used 33260K [0x00000000eab00000, 0x00000000ed000000, 0x0000000100000000)
  eden space 29696K, 100% used [0x00000000eab00000,0x00000000ec800000,0x00000000ec800000)
  from space 3584K, 99% used [0x00000000ec980000,0x00000000eccfb030,0x00000000ecd00000)
  to   space 3072K, 0% used [0x00000000ecd00000,0x00000000ecd00000,0x00000000ed000000)
 ParOldGen       total 289280K, used 240397K [0x00000000c0000000, 0x00000000d1a80000, 0x00000000eab00000)
  object space 289280K, 83% used [0x00000000c0000000,0x00000000ceac3498,0x00000000d1a80000)
 Metaspace       used 76665K, committed 78080K, reserved 1179648K
  class space    used 8012K, committed 8640K, reserved 1048576K
}
Event: 43.997 GC heap after
{Heap after GC invocations=351 (full 15):
 PSYoungGen      total 30720K, used 3071K [0x00000000eab00000, 0x00000000ed600000, 0x0000000100000000)
  eden space 27648K, 0% used [0x00000000eab00000,0x00000000eab00000,0x00000000ec600000)
  from space 3072K, 99% used [0x00000000ecd00000,0x00000000ecffff10,0x00000000ed000000)
  to   space 7168K, 0% used [0x00000000ec600000,0x00000000ec600000,0x00000000ecd00000)
 ParOldGen       total 289280K, used 243841K [0x00000000c0000000, 0x00000000d1a80000, 0x00000000eab00000)
  object space 289280K, 84% used [0x00000000c0000000,0x00000000cee206a0,0x00000000d1a80000)
 Metaspace       used 76665K, committed 78080K, reserved 1179648K
  class space    used 8012K, committed 8640K, reserved 1048576K
}
Event: 44.099 GC heap before
{Heap before GC invocations=352 (full 15):
 PSYoungGen      total 30720K, used 30719K [0x00000000eab00000, 0x00000000ed600000, 0x0000000100000000)
  eden space 27648K, 100% used [0x00000000eab00000,0x00000000ec600000,0x00000000ec600000)
  from space 3072K, 99% used [0x00000000ecd00000,0x00000000ecffff10,0x00000000ed000000)
  to   space 7168K, 0% used [0x00000000ec600000,0x00000000ec600000,0x00000000ecd00000)
 ParOldGen       total 289280K, used 243841K [0x00000000c0000000, 0x00000000d1a80000, 0x00000000eab00000)
  object space 289280K, 84% used [0x00000000c0000000,0x00000000cee206a0,0x00000000d1a80000)
 Metaspace       used 76671K, committed 78080K, reserved 1179648K
  class space    used 8012K, committed 8640K, reserved 1048576K
}
Event: 44.105 GC heap after
{Heap after GC invocations=352 (full 15):
 PSYoungGen      total 34816K, used 7164K [0x00000000eab00000, 0x00000000edd00000, 0x0000000100000000)
  eden space 27648K, 0% used [0x00000000eab00000,0x00000000eab00000,0x00000000ec600000)
  from space 7168K, 99% used [0x00000000ec600000,0x00000000eccff210,0x00000000ecd00000)
  to   space 11776K, 0% used [0x00000000ed180000,0x00000000ed180000,0x00000000edd00000)
 ParOldGen       total 289280K, used 247380K [0x00000000c0000000, 0x00000000d1a80000, 0x00000000eab00000)
  object space 289280K, 85% used [0x00000000c0000000,0x00000000cf1950f8,0x00000000d1a80000)
 Metaspace       used 76671K, committed 78080K, reserved 1179648K
  class space    used 8012K, committed 8640K, reserved 1048576K
}
Event: 44.159 GC heap before
{Heap before GC invocations=353 (full 15):
 PSYoungGen      total 34816K, used 30335K [0x00000000eab00000, 0x00000000edd00000, 0x0000000100000000)
  eden space 27648K, 83% used [0x00000000eab00000,0x00000000ec1a0a90,0x00000000ec600000)
  from space 7168K, 99% used [0x00000000ec600000,0x00000000eccff210,0x00000000ecd00000)
  to   space 11776K, 0% used [0x00000000ed180000,0x00000000ed180000,0x00000000edd00000)
 ParOldGen       total 289280K, used 247380K [0x00000000c0000000, 0x00000000d1a80000, 0x00000000eab00000)
  object space 289280K, 85% used [0x00000000c0000000,0x00000000cf1950f8,0x00000000d1a80000)
 Metaspace       used 76718K, committed 78144K, reserved 1179648K
  class space    used 8015K, committed 8640K, reserved 1048576K
}
Event: 44.166 GC heap after
{Heap after GC invocations=353 (full 15):
 PSYoungGen      total 32768K, used 4747K [0x00000000eab00000, 0x00000000ed680000, 0x0000000100000000)
  eden space 27648K, 0% used [0x00000000eab00000,0x00000000eab00000,0x00000000ec600000)
  from space 5120K, 92% used [0x00000000ed180000,0x00000000ed622f98,0x00000000ed680000)
  to   space 7168K, 0% used [0x00000000ec880000,0x00000000ec880000,0x00000000ecf80000)
 ParOldGen       total 289280K, used 267132K [0x00000000c0000000, 0x00000000d1a80000, 0x00000000eab00000)
  object space 289280K, 92% used [0x00000000c0000000,0x00000000d04df118,0x00000000d1a80000)
 Metaspace       used 76718K, committed 78144K, reserved 1179648K
  class space    used 8015K, committed 8640K, reserved 1048576K
}
Event: 44.166 GC heap before
{Heap before GC invocations=354 (full 16):
 PSYoungGen      total 32768K, used 4747K [0x00000000eab00000, 0x00000000ed680000, 0x0000000100000000)
  eden space 27648K, 0% used [0x00000000eab00000,0x00000000eab00000,0x00000000ec600000)
  from space 5120K, 92% used [0x00000000ed180000,0x00000000ed622f98,0x00000000ed680000)
  to   space 7168K, 0% used [0x00000000ec880000,0x00000000ec880000,0x00000000ecf80000)
 ParOldGen       total 289280K, used 267132K [0x00000000c0000000, 0x00000000d1a80000, 0x00000000eab00000)
  object space 289280K, 92% used [0x00000000c0000000,0x00000000d04df118,0x00000000d1a80000)
 Metaspace       used 76718K, committed 78144K, reserved 1179648K
  class space    used 8015K, committed 8640K, reserved 1048576K
}
Event: 44.295 GC heap after
{Heap after GC invocations=354 (full 16):
 PSYoungGen      total 28160K, used 0K [0x00000000eab00000, 0x00000000ed400000, 0x0000000100000000)
  eden space 27648K, 0% used [0x00000000eab00000,0x00000000eab00000,0x00000000ec600000)
  from space 512K, 0% used [0x00000000ec880000,0x00000000ec880000,0x00000000ec900000)
  to   space 7168K, 0% used [0x00000000ecd00000,0x00000000ecd00000,0x00000000ed400000)
 ParOldGen       total 324096K, used 244533K [0x00000000c0000000, 0x00000000d3c80000, 0x00000000eab00000)
  object space 324096K, 75% used [0x00000000c0000000,0x00000000ceecd478,0x00000000d3c80000)
 Metaspace       used 76718K, committed 78144K, reserved 1179648K
  class space    used 8015K, committed 8640K, reserved 1048576K
}

